/home/junghun/dream_ws/neuro_ws/install/neuro_decision/lib/python3.10/site-packages/neuro_decision/pure_pursuit_node.py
/home/junghun/dream_ws/neuro_ws/install/neuro_decision/lib/python3.10/site-packages/neuro_decision/behavior_node.py
/home/junghun/dream_ws/neuro_ws/install/neuro_decision/lib/python3.10/site-packages/neuro_decision/speed_control_node.py
/home/junghun/dream_ws/neuro_ws/install/neuro_decision/lib/python3.10/site-packages/neuro_decision/__init__.py
/home/junghun/dream_ws/neuro_ws/install/neuro_decision/lib/python3.10/site-packages/neuro_decision/__pycache__/pure_pursuit_node.cpython-310.pyc
/home/junghun/dream_ws/neuro_ws/install/neuro_decision/lib/python3.10/site-packages/neuro_decision/__pycache__/behavior_node.cpython-310.pyc
/home/junghun/dream_ws/neuro_ws/install/neuro_decision/lib/python3.10/site-packages/neuro_decision/__pycache__/speed_control_node.cpython-310.pyc
/home/junghun/dream_ws/neuro_ws/install/neuro_decision/lib/python3.10/site-packages/neuro_decision/__pycache__/__init__.cpython-310.pyc
/home/junghun/dream_ws/neuro_ws/install/neuro_decision/share/ament_index/resource_index/packages/neuro_decision
/home/junghun/dream_ws/neuro_ws/install/neuro_decision/share/neuro_decision/package.xml
/home/junghun/dream_ws/neuro_ws/install/neuro_decision/share/neuro_decision/launch/localization.launch.py
/home/junghun/dream_ws/neuro_ws/install/neuro_decision/share/neuro_decision/launch/neuro_decision.launch.py
/home/junghun/dream_ws/neuro_ws/install/neuro_decision/share/neuro_decision/config/ekf.yaml
/home/junghun/dream_ws/neuro_ws/install/neuro_decision/lib/python3.10/site-packages/neuro_decision-0.0.0-py3.10.egg-info/top_level.txt
/home/junghun/dream_ws/neuro_ws/install/neuro_decision/lib/python3.10/site-packages/neuro_decision-0.0.0-py3.10.egg-info/dependency_links.txt
/home/junghun/dream_ws/neuro_ws/install/neuro_decision/lib/python3.10/site-packages/neuro_decision-0.0.0-py3.10.egg-info/entry_points.txt
/home/junghun/dream_ws/neuro_ws/install/neuro_decision/lib/python3.10/site-packages/neuro_decision-0.0.0-py3.10.egg-info/zip-safe
/home/junghun/dream_ws/neuro_ws/install/neuro_decision/lib/python3.10/site-packages/neuro_decision-0.0.0-py3.10.egg-info/SOURCES.txt
/home/junghun/dream_ws/neuro_ws/install/neuro_decision/lib/python3.10/site-packages/neuro_decision-0.0.0-py3.10.egg-info/requires.txt
/home/junghun/dream_ws/neuro_ws/install/neuro_decision/lib/python3.10/site-packages/neuro_decision-0.0.0-py3.10.egg-info/PKG-INFO
/home/junghun/dream_ws/neuro_ws/install/neuro_decision/lib/neuro_decision/behavior_node
/home/junghun/dream_ws/neuro_ws/install/neuro_decision/lib/neuro_decision/pure_pursuit
/home/junghun/dream_ws/neuro_ws/install/neuro_decision/lib/neuro_decision/speed_control
