[0.348s] Invoking command in '/home/junghun/dream_ws/neuro_ws/src/neuro_decision': PYTHONPATH=/home/junghun/dream_ws/neuro_ws/build/neuro_decision/prefix_override:/usr/lib/python3/dist-packages/colcon_core/task/python/colcon_distutils_commands:/home/junghun/dream_ws/neuro_ws/install/neuro_decision/lib/python3.10/site-packages:${PYTHONPATH} /usr/bin/python3 -W ignore:setup.py install is deprecated -W ignore:easy_install command is deprecated setup.py egg_info --egg-base ../../build/neuro_decision build --build-base /home/junghun/dream_ws/neuro_ws/build/neuro_decision/build install --record /home/junghun/dream_ws/neuro_ws/build/neuro_decision/install.log --single-version-externally-managed install_data
[0.468s] running egg_info
[0.469s] writing ../../build/neuro_decision/neuro_decision.egg-info/PKG-INFO
[0.469s] writing dependency_links to ../../build/neuro_decision/neuro_decision.egg-info/dependency_links.txt
[0.469s] writing entry points to ../../build/neuro_decision/neuro_decision.egg-info/entry_points.txt
[0.469s] writing requirements to ../../build/neuro_decision/neuro_decision.egg-info/requires.txt
[0.469s] writing top-level names to ../../build/neuro_decision/neuro_decision.egg-info/top_level.txt
[0.470s] reading manifest file '../../build/neuro_decision/neuro_decision.egg-info/SOURCES.txt'
[0.471s] writing manifest file '../../build/neuro_decision/neuro_decision.egg-info/SOURCES.txt'
[0.471s] running build
[0.471s] running build_py
[0.471s] running install
[0.471s] running install_lib
[0.472s] running install_data
[0.472s] running install_egg_info
[0.473s] removing '/home/junghun/dream_ws/neuro_ws/install/neuro_decision/lib/python3.10/site-packages/neuro_decision-0.0.0-py3.10.egg-info' (and everything under it)
[0.473s] Copying ../../build/neuro_decision/neuro_decision.egg-info to /home/junghun/dream_ws/neuro_ws/install/neuro_decision/lib/python3.10/site-packages/neuro_decision-0.0.0-py3.10.egg-info
[0.473s] running install_scripts
[0.486s] Installing behavior_node script to /home/junghun/dream_ws/neuro_ws/install/neuro_decision/lib/neuro_decision
[0.486s] Installing pure_pursuit script to /home/junghun/dream_ws/neuro_ws/install/neuro_decision/lib/neuro_decision
[0.486s] Installing speed_control script to /home/junghun/dream_ws/neuro_ws/install/neuro_decision/lib/neuro_decision
[0.486s] writing list of installed files to '/home/junghun/dream_ws/neuro_ws/build/neuro_decision/install.log'
[0.508s] Invoked command in '/home/junghun/dream_ws/neuro_ws/src/neuro_decision' returned '0': PYTHONPATH=/home/junghun/dream_ws/neuro_ws/build/neuro_decision/prefix_override:/usr/lib/python3/dist-packages/colcon_core/task/python/colcon_distutils_commands:/home/junghun/dream_ws/neuro_ws/install/neuro_decision/lib/python3.10/site-packages:${PYTHONPATH} /usr/bin/python3 -W ignore:setup.py install is deprecated -W ignore:easy_install command is deprecated setup.py egg_info --egg-base ../../build/neuro_decision build --build-base /home/junghun/dream_ws/neuro_ws/build/neuro_decision/build install --record /home/junghun/dream_ws/neuro_ws/build/neuro_decision/install.log --single-version-externally-managed install_data
