running egg_info
writing ../../build/neuro_decision/neuro_decision.egg-info/PKG-INFO
writing dependency_links to ../../build/neuro_decision/neuro_decision.egg-info/dependency_links.txt
writing entry points to ../../build/neuro_decision/neuro_decision.egg-info/entry_points.txt
writing requirements to ../../build/neuro_decision/neuro_decision.egg-info/requires.txt
writing top-level names to ../../build/neuro_decision/neuro_decision.egg-info/top_level.txt
reading manifest file '../../build/neuro_decision/neuro_decision.egg-info/SOURCES.txt'
writing manifest file '../../build/neuro_decision/neuro_decision.egg-info/SOURCES.txt'
running build
running build_py
copying neuro_decision/behavior_node.py -> /home/junghun/dream_ws/neuro_ws/build/neuro_decision/build/lib/neuro_decision
running install
running install_lib
copying /home/junghun/dream_ws/neuro_ws/build/neuro_decision/build/lib/neuro_decision/behavior_node.py -> /home/junghun/dream_ws/neuro_ws/install/neuro_decision/lib/python3.10/site-packages/neuro_decision
byte-compiling /home/junghun/dream_ws/neuro_ws/install/neuro_decision/lib/python3.10/site-packages/neuro_decision/behavior_node.py to behavior_node.cpython-310.pyc
running install_data
copying config/ekf.yaml -> /home/junghun/dream_ws/neuro_ws/install/neuro_decision/share/neuro_decision/config
running install_egg_info
removing '/home/junghun/dream_ws/neuro_ws/install/neuro_decision/lib/python3.10/site-packages/neuro_decision-0.0.0-py3.10.egg-info' (and everything under it)
Copying ../../build/neuro_decision/neuro_decision.egg-info to /home/junghun/dream_ws/neuro_ws/install/neuro_decision/lib/python3.10/site-packages/neuro_decision-0.0.0-py3.10.egg-info
running install_scripts
Installing behavior_node script to /home/junghun/dream_ws/neuro_ws/install/neuro_decision/lib/neuro_decision
Installing pure_pursuit script to /home/junghun/dream_ws/neuro_ws/install/neuro_decision/lib/neuro_decision
Installing speed_control script to /home/junghun/dream_ws/neuro_ws/install/neuro_decision/lib/neuro_decision
writing list of installed files to '/home/junghun/dream_ws/neuro_ws/build/neuro_decision/install.log'
