[0.387s] Invoking command in '/home/junghun/dream_ws/neuro_ws/src/neuro_decision': PYTHONPATH=/home/junghun/dream_ws/neuro_ws/build/neuro_decision/prefix_override:/usr/lib/python3/dist-packages/colcon_core/task/python/colcon_distutils_commands:/home/junghun/dream_ws/neuro_ws/install/neuro_decision/lib/python3.10/site-packages:${PYTHONPATH} /usr/bin/python3 -W ignore:setup.py install is deprecated -W ignore:easy_install command is deprecated setup.py egg_info --egg-base ../../build/neuro_decision build --build-base /home/junghun/dream_ws/neuro_ws/build/neuro_decision/build install --record /home/junghun/dream_ws/neuro_ws/build/neuro_decision/install.log --single-version-externally-managed install_data
[0.528s] running egg_info
[0.529s] writing ../../build/neuro_decision/neuro_decision.egg-info/PKG-INFO
[0.529s] writing dependency_links to ../../build/neuro_decision/neuro_decision.egg-info/dependency_links.txt
[0.529s] writing entry points to ../../build/neuro_decision/neuro_decision.egg-info/entry_points.txt
[0.529s] writing requirements to ../../build/neuro_decision/neuro_decision.egg-info/requires.txt
[0.529s] writing top-level names to ../../build/neuro_decision/neuro_decision.egg-info/top_level.txt
[0.531s] reading manifest file '../../build/neuro_decision/neuro_decision.egg-info/SOURCES.txt'
[0.531s] writing manifest file '../../build/neuro_decision/neuro_decision.egg-info/SOURCES.txt'
[0.531s] running build
[0.531s] running build_py
[0.531s] copying neuro_decision/behavior_node.py -> /home/junghun/dream_ws/neuro_ws/build/neuro_decision/build/lib/neuro_decision
[0.532s] running install
[0.532s] running install_lib
[0.532s] copying /home/junghun/dream_ws/neuro_ws/build/neuro_decision/build/lib/neuro_decision/behavior_node.py -> /home/junghun/dream_ws/neuro_ws/install/neuro_decision/lib/python3.10/site-packages/neuro_decision
[0.533s] byte-compiling /home/junghun/dream_ws/neuro_ws/install/neuro_decision/lib/python3.10/site-packages/neuro_decision/behavior_node.py to behavior_node.cpython-310.pyc
[0.534s] running install_data
[0.534s] copying config/ekf.yaml -> /home/junghun/dream_ws/neuro_ws/install/neuro_decision/share/neuro_decision/config
[0.534s] running install_egg_info
[0.535s] removing '/home/junghun/dream_ws/neuro_ws/install/neuro_decision/lib/python3.10/site-packages/neuro_decision-0.0.0-py3.10.egg-info' (and everything under it)
[0.535s] Copying ../../build/neuro_decision/neuro_decision.egg-info to /home/junghun/dream_ws/neuro_ws/install/neuro_decision/lib/python3.10/site-packages/neuro_decision-0.0.0-py3.10.egg-info
[0.536s] running install_scripts
[0.551s] Installing behavior_node script to /home/junghun/dream_ws/neuro_ws/install/neuro_decision/lib/neuro_decision
[0.551s] Installing pure_pursuit script to /home/junghun/dream_ws/neuro_ws/install/neuro_decision/lib/neuro_decision
[0.551s] Installing speed_control script to /home/junghun/dream_ws/neuro_ws/install/neuro_decision/lib/neuro_decision
[0.551s] writing list of installed files to '/home/junghun/dream_ws/neuro_ws/build/neuro_decision/install.log'
[0.571s] Invoked command in '/home/junghun/dream_ws/neuro_ws/src/neuro_decision' returned '0': PYTHONPATH=/home/junghun/dream_ws/neuro_ws/build/neuro_decision/prefix_override:/usr/lib/python3/dist-packages/colcon_core/task/python/colcon_distutils_commands:/home/junghun/dream_ws/neuro_ws/install/neuro_decision/lib/python3.10/site-packages:${PYTHONPATH} /usr/bin/python3 -W ignore:setup.py install is deprecated -W ignore:easy_install command is deprecated setup.py egg_info --egg-base ../../build/neuro_decision build --build-base /home/junghun/dream_ws/neuro_ws/build/neuro_decision/build install --record /home/junghun/dream_ws/neuro_ws/build/neuro_decision/install.log --single-version-externally-managed install_data
