[0.383s] Invoking command in '/home/junghun/dream_ws/neuro_ws/src/neuro_decision': PYTHONPATH=/home/junghun/dream_ws/neuro_ws/build/neuro_decision/prefix_override:/usr/lib/python3/dist-packages/colcon_core/task/python/colcon_distutils_commands:/home/junghun/dream_ws/neuro_ws/install/neuro_decision/lib/python3.10/site-packages:${PYTHONPATH} /usr/bin/python3 -W ignore:setup.py install is deprecated -W ignore:easy_install command is deprecated setup.py egg_info --egg-base ../../build/neuro_decision build --build-base /home/junghun/dream_ws/neuro_ws/build/neuro_decision/build install --record /home/junghun/dream_ws/neuro_ws/build/neuro_decision/install.log --single-version-externally-managed install_data
[0.498s] running egg_info
[0.499s] creating ../../build/neuro_decision/neuro_decision.egg-info
[0.499s] writing ../../build/neuro_decision/neuro_decision.egg-info/PKG-INFO
[0.499s] writing dependency_links to ../../build/neuro_decision/neuro_decision.egg-info/dependency_links.txt
[0.499s] writing entry points to ../../build/neuro_decision/neuro_decision.egg-info/entry_points.txt
[0.499s] writing requirements to ../../build/neuro_decision/neuro_decision.egg-info/requires.txt
[0.499s] writing top-level names to ../../build/neuro_decision/neuro_decision.egg-info/top_level.txt
[0.499s] writing manifest file '../../build/neuro_decision/neuro_decision.egg-info/SOURCES.txt'
[0.500s] reading manifest file '../../build/neuro_decision/neuro_decision.egg-info/SOURCES.txt'
[0.501s] writing manifest file '../../build/neuro_decision/neuro_decision.egg-info/SOURCES.txt'
[0.501s] running build
[0.501s] running build_py
[0.501s] creating /home/junghun/dream_ws/neuro_ws/build/neuro_decision/build
[0.501s] creating /home/junghun/dream_ws/neuro_ws/build/neuro_decision/build/lib
[0.501s] creating /home/junghun/dream_ws/neuro_ws/build/neuro_decision/build/lib/neuro_decision
[0.501s] copying neuro_decision/pure_pursuit_node.py -> /home/junghun/dream_ws/neuro_ws/build/neuro_decision/build/lib/neuro_decision
[0.501s] copying neuro_decision/behavior_node.py -> /home/junghun/dream_ws/neuro_ws/build/neuro_decision/build/lib/neuro_decision
[0.501s] copying neuro_decision/speed_control_node.py -> /home/junghun/dream_ws/neuro_ws/build/neuro_decision/build/lib/neuro_decision
[0.501s] copying neuro_decision/__init__.py -> /home/junghun/dream_ws/neuro_ws/build/neuro_decision/build/lib/neuro_decision
[0.501s] running install
[0.501s] running install_lib
[0.502s] creating /home/junghun/dream_ws/neuro_ws/install/neuro_decision/lib/python3.10/site-packages/neuro_decision
[0.502s] copying /home/junghun/dream_ws/neuro_ws/build/neuro_decision/build/lib/neuro_decision/pure_pursuit_node.py -> /home/junghun/dream_ws/neuro_ws/install/neuro_decision/lib/python3.10/site-packages/neuro_decision
[0.502s] copying /home/junghun/dream_ws/neuro_ws/build/neuro_decision/build/lib/neuro_decision/behavior_node.py -> /home/junghun/dream_ws/neuro_ws/install/neuro_decision/lib/python3.10/site-packages/neuro_decision
[0.502s] copying /home/junghun/dream_ws/neuro_ws/build/neuro_decision/build/lib/neuro_decision/speed_control_node.py -> /home/junghun/dream_ws/neuro_ws/install/neuro_decision/lib/python3.10/site-packages/neuro_decision
[0.502s] copying /home/junghun/dream_ws/neuro_ws/build/neuro_decision/build/lib/neuro_decision/__init__.py -> /home/junghun/dream_ws/neuro_ws/install/neuro_decision/lib/python3.10/site-packages/neuro_decision
[0.502s] byte-compiling /home/junghun/dream_ws/neuro_ws/install/neuro_decision/lib/python3.10/site-packages/neuro_decision/pure_pursuit_node.py to pure_pursuit_node.cpython-310.pyc
[0.503s] byte-compiling /home/junghun/dream_ws/neuro_ws/install/neuro_decision/lib/python3.10/site-packages/neuro_decision/behavior_node.py to behavior_node.cpython-310.pyc
[0.503s] byte-compiling /home/junghun/dream_ws/neuro_ws/install/neuro_decision/lib/python3.10/site-packages/neuro_decision/speed_control_node.py to speed_control_node.cpython-310.pyc
[0.504s] byte-compiling /home/junghun/dream_ws/neuro_ws/install/neuro_decision/lib/python3.10/site-packages/neuro_decision/__init__.py to __init__.cpython-310.pyc
[0.504s] running install_data
[0.504s] creating /home/junghun/dream_ws/neuro_ws/install/neuro_decision/share/ament_index
[0.504s] creating /home/junghun/dream_ws/neuro_ws/install/neuro_decision/share/ament_index/resource_index
[0.504s] creating /home/junghun/dream_ws/neuro_ws/install/neuro_decision/share/ament_index/resource_index/packages
[0.504s] copying resource/neuro_decision -> /home/junghun/dream_ws/neuro_ws/install/neuro_decision/share/ament_index/resource_index/packages
[0.504s] copying package.xml -> /home/junghun/dream_ws/neuro_ws/install/neuro_decision/share/neuro_decision
[0.504s] creating /home/junghun/dream_ws/neuro_ws/install/neuro_decision/share/neuro_decision/launch
[0.504s] copying launch/localization.launch.py -> /home/junghun/dream_ws/neuro_ws/install/neuro_decision/share/neuro_decision/launch
[0.504s] copying launch/neuro_decision.launch.py -> /home/junghun/dream_ws/neuro_ws/install/neuro_decision/share/neuro_decision/launch
[0.504s] creating /home/junghun/dream_ws/neuro_ws/install/neuro_decision/share/neuro_decision/config
[0.504s] copying config/ekf.yaml -> /home/junghun/dream_ws/neuro_ws/install/neuro_decision/share/neuro_decision/config
[0.504s] running install_egg_info
[0.505s] Copying ../../build/neuro_decision/neuro_decision.egg-info to /home/junghun/dream_ws/neuro_ws/install/neuro_decision/lib/python3.10/site-packages/neuro_decision-0.0.0-py3.10.egg-info
[0.506s] running install_scripts
[0.518s] Installing behavior_node script to /home/junghun/dream_ws/neuro_ws/install/neuro_decision/lib/neuro_decision
[0.518s] Installing pure_pursuit script to /home/junghun/dream_ws/neuro_ws/install/neuro_decision/lib/neuro_decision
[0.518s] Installing speed_control script to /home/junghun/dream_ws/neuro_ws/install/neuro_decision/lib/neuro_decision
[0.518s] writing list of installed files to '/home/junghun/dream_ws/neuro_ws/build/neuro_decision/install.log'
[0.537s] Invoked command in '/home/junghun/dream_ws/neuro_ws/src/neuro_decision' returned '0': PYTHONPATH=/home/junghun/dream_ws/neuro_ws/build/neuro_decision/prefix_override:/usr/lib/python3/dist-packages/colcon_core/task/python/colcon_distutils_commands:/home/junghun/dream_ws/neuro_ws/install/neuro_decision/lib/python3.10/site-packages:${PYTHONPATH} /usr/bin/python3 -W ignore:setup.py install is deprecated -W ignore:easy_install command is deprecated setup.py egg_info --egg-base ../../build/neuro_decision build --build-base /home/junghun/dream_ws/neuro_ws/build/neuro_decision/build install --record /home/junghun/dream_ws/neuro_ws/build/neuro_decision/install.log --single-version-externally-managed install_data
